Performing C SOURCE FILE Test CMAKE_HAVE_LIBC_PTHREAD failed with the following output:
Change Dir: /home/huijie/research/progresslabeller/ProgressLabeller/kernel/orb_slam/build/CMakeFiles/CMakeTmp

Run Build Command(s):/usr/bin/make cmTC_413f7/fast && /usr/bin/make -f CMakeFiles/cmTC_413f7.dir/build.make CMakeFiles/cmTC_413f7.dir/build
make[1]: Entering directory '/home/huijie/research/progresslabeller/ProgressLabeller/kernel/orb_slam/build/CMakeFiles/CMakeTmp'
Building C object CMakeFiles/cmTC_413f7.dir/src.c.o
/usr/bin/cc   -fPIC -DCMAKE_HAVE_LIBC_PTHREAD   -o CMakeFiles/cmTC_413f7.dir/src.c.o   -c /home/huijie/research/progresslabeller/ProgressLabeller/kernel/orb_slam/build/CMakeFiles/CMakeTmp/src.c
Linking C executable cmTC_413f7
/usr/bin/cmake -E cmake_link_script CMakeFiles/cmTC_413f7.dir/link.txt --verbose=1
/usr/bin/cc -fPIC -DCMAKE_HAVE_LIBC_PTHREAD    -rdynamic CMakeFiles/cmTC_413f7.dir/src.c.o  -o cmTC_413f7 
/usr/bin/ld: CMakeFiles/cmTC_413f7.dir/src.c.o: in function `main':
src.c:(.text+0x3e): undefined reference to `pthread_create'
/usr/bin/ld: src.c:(.text+0x4a): undefined reference to `pthread_detach'
/usr/bin/ld: src.c:(.text+0x5b): undefined reference to `pthread_join'
collect2: error: ld returned 1 exit status
make[1]: *** [CMakeFiles/cmTC_413f7.dir/build.make:87: cmTC_413f7] Error 1
make[1]: Leaving directory '/home/huijie/research/progresslabeller/ProgressLabeller/kernel/orb_slam/build/CMakeFiles/CMakeTmp'
make: *** [Makefile:121: cmTC_413f7/fast] Error 2


Source file was:
#include <pthread.h>

void* test_func(void* data)
{
  return data;
}

int main(void)
{
  pthread_t thread;
  pthread_create(&thread, NULL, test_func, NULL);
  pthread_detach(thread);
  pthread_join(thread, NULL);
  pthread_atfork(NULL, NULL, NULL);
  pthread_exit(NULL);

  return 0;
}

Determining if the function pthread_create exists in the pthreads failed with the following output:
Change Dir: /home/huijie/research/progresslabeller/ProgressLabeller/kernel/orb_slam/build/CMakeFiles/CMakeTmp

Run Build Command(s):/usr/bin/make cmTC_72e3c/fast && /usr/bin/make -f CMakeFiles/cmTC_72e3c.dir/build.make CMakeFiles/cmTC_72e3c.dir/build
make[1]: Entering directory '/home/huijie/research/progresslabeller/ProgressLabeller/kernel/orb_slam/build/CMakeFiles/CMakeTmp'
Building C object CMakeFiles/cmTC_72e3c.dir/CheckFunctionExists.c.o
/usr/bin/cc   -fPIC -DCHECK_FUNCTION_EXISTS=pthread_create   -o CMakeFiles/cmTC_72e3c.dir/CheckFunctionExists.c.o   -c /usr/share/cmake-3.16/Modules/CheckFunctionExists.c
Linking C executable cmTC_72e3c
/usr/bin/cmake -E cmake_link_script CMakeFiles/cmTC_72e3c.dir/link.txt --verbose=1
/usr/bin/cc -fPIC -DCHECK_FUNCTION_EXISTS=pthread_create    -rdynamic CMakeFiles/cmTC_72e3c.dir/CheckFunctionExists.c.o  -o cmTC_72e3c  -lpthreads 
/usr/bin/ld: cannot find -lpthreads
collect2: error: ld returned 1 exit status
make[1]: *** [CMakeFiles/cmTC_72e3c.dir/build.make:87: cmTC_72e3c] Error 1
make[1]: Leaving directory '/home/huijie/research/progresslabeller/ProgressLabeller/kernel/orb_slam/build/CMakeFiles/CMakeTmp'
make: *** [Makefile:121: cmTC_72e3c/fast] Error 2



